<?xml version="1.0" encoding="UTF-8"?>
<coverage generated="1599501279289" clover="3.2.0">
  <project timestamp="1599501279290" name="All files">
    <metrics statements="16" coveredstatements="12" conditionals="2" coveredconditionals="0" methods="6" coveredmethods="4" elements="24" coveredelements="16" complexity="0" loc="16" ncloc="16" packages="1" files="2" classes="2"/>
    <file name="Port.js" path="/home/andrew/Projects/cruise-ships/src/Port.js">
      <metrics statements="8" coveredstatements="4" conditionals="2" coveredconditionals="0" methods="3" coveredmethods="1"/>
      <line num="2" count="2" type="stmt"/>
      <line num="3" count="2" type="stmt"/>
      <line num="7" count="6" type="stmt"/>
      <line num="14" count="0" type="stmt"/>
      <line num="15" count="0" type="stmt"/>
      <line num="22" count="0" type="cond" truecount="0" falsecount="2"/>
      <line num="23" count="0" type="stmt"/>
      <line num="28" count="2" type="stmt"/>
    </file>
    <file name="cruise-ship.js" path="/home/andrew/Projects/cruise-ships/src/cruise-ship.js">
      <metrics statements="8" coveredstatements="8" conditionals="0" coveredconditionals="0" methods="3" coveredmethods="3"/>
      <line num="1" count="2" type="stmt"/>
      <line num="2" count="2" type="stmt"/>
      <line num="7" count="5" type="stmt"/>
      <line num="8" count="5" type="stmt"/>
      <line num="14" count="2" type="stmt"/>
      <line num="15" count="2" type="stmt"/>
      <line num="20" count="1" type="stmt"/>
      <line num="24" count="2" type="stmt"/>
    </file>
  </project>
</coverage>
