{"/home/andrew/Projects/cruise-ships/src/Port.js": {"path":"/home/andrew/Projects/cruise-ships/src/Port.js","statementMap":{"0":{"start":{"line":5,"column":4},"end":{"line":5,"column":21}},"1":{"start":{"line":6,"column":4},"end":{"line":6,"column":25}},"2":{"start":{"line":10,"column":4},"end":{"line":10,"column":31}},"3":{"start":{"line":15,"column":28},"end":{"line":15,"column":57}},"4":{"start":{"line":16,"column":4},"end":{"line":16,"column":47}},"5":{"start":{"line":20,"column":0},"end":{"line":20,"column":22}}},"fnMap":{"0":{"name":"(anonymous_0)","decl":{"start":{"line":4,"column":4},"end":{"line":4,"column":5}},"loc":{"start":{"line":4,"column":21},"end":{"line":8,"column":5}},"line":4},"1":{"name":"(anonymous_1)","decl":{"start":{"line":9,"column":0},"end":{"line":9,"column":1}},"loc":{"start":{"line":9,"column":14},"end":{"line":12,"column":1}},"line":9},"2":{"name":"(anonymous_2)","decl":{"start":{"line":14,"column":0},"end":{"line":14,"column":1}},"loc":{"start":{"line":14,"column":17},"end":{"line":17,"column":1}},"line":14}},"branchMap":{},"s":{"0":1,"1":1,"2":1,"3":1,"4":1,"5":1},"f":{"0":1,"1":1,"2":1},"b":{},"_coverageSchema":"1a1c01bbd47fc00a2c39e90264f33305004495a9","hash":"d959885657d773f5f2a707758e17d42bfa7c872f"}
,"/home/andrew/Projects/cruise-ships/src/cruise-ship.js": {"path":"/home/andrew/Projects/cruise-ships/src/cruise-ship.js","statementMap":{"0":{"start":{"line":3,"column":4},"end":{"line":3,"column":31}},"1":{"start":{"line":4,"column":4},"end":{"line":4,"column":42}},"2":{"start":{"line":5,"column":4},"end":{"line":5,"column":29}},"3":{"start":{"line":6,"column":4},"end":{"line":6,"column":35}},"4":{"start":{"line":10,"column":22},"end":{"line":10,"column":36}},"5":{"start":{"line":11,"column":29},"end":{"line":11,"column":70}},"6":{"start":{"line":13,"column":8},"end":{"line":15,"column":9}},"7":{"start":{"line":14,"column":10},"end":{"line":14,"column":54}},"8":{"start":{"line":17,"column":8},"end":{"line":17,"column":45}},"9":{"start":{"line":18,"column":8},"end":{"line":18,"column":32}},"10":{"start":{"line":19,"column":8},"end":{"line":19,"column":43}},"11":{"start":{"line":24,"column":22},"end":{"line":24,"column":36}},"12":{"start":{"line":25,"column":30},"end":{"line":25,"column":72}},"13":{"start":{"line":27,"column":4},"end":{"line":27,"column":62}},"14":{"start":{"line":28,"column":4},"end":{"line":28,"column":35}},"15":{"start":{"line":32,"column":0},"end":{"line":32,"column":22}}},"fnMap":{"0":{"name":"(anonymous_0)","decl":{"start":{"line":2,"column":4},"end":{"line":2,"column":5}},"loc":{"start":{"line":2,"column":26},"end":{"line":7,"column":5}},"line":2},"1":{"name":"(anonymous_1)","decl":{"start":{"line":9,"column":0},"end":{"line":9,"column":1}},"loc":{"start":{"line":9,"column":10},"end":{"line":21,"column":5}},"line":9},"2":{"name":"(anonymous_2)","decl":{"start":{"line":23,"column":0},"end":{"line":23,"column":1}},"loc":{"start":{"line":23,"column":7},"end":{"line":29,"column":1}},"line":23}},"branchMap":{"0":{"loc":{"start":{"line":13,"column":8},"end":{"line":15,"column":9}},"type":"if","locations":[{"start":{"line":13,"column":8},"end":{"line":15,"column":9}},{"start":{"line":13,"column":8},"end":{"line":15,"column":9}}],"line":13}},"s":{"0":1,"1":1,"2":1,"3":1,"4":0,"5":0,"6":0,"7":0,"8":0,"9":0,"10":0,"11":0,"12":0,"13":0,"14":0,"15":1},"f":{"0":1,"1":0,"2":0},"b":{"0":[0,0]},"_coverageSchema":"1a1c01bbd47fc00a2c39e90264f33305004495a9","hash":"75ac25e521d95030b4b09d22b4d8486575b8b862"}
,"/home/andrew/Projects/cruise-ships/src/itinerary.js": {"path":"/home/andrew/Projects/cruise-ships/src/itinerary.js","statementMap":{"0":{"start":{"line":5,"column":4},"end":{"line":5,"column":23}},"1":{"start":{"line":10,"column":0},"end":{"line":10,"column":27}}},"fnMap":{"0":{"name":"(anonymous_0)","decl":{"start":{"line":4,"column":4},"end":{"line":4,"column":5}},"loc":{"start":{"line":4,"column":22},"end":{"line":7,"column":5}},"line":4}},"branchMap":{},"s":{"0":2,"1":1},"f":{"0":2},"b":{},"_coverageSchema":"1a1c01bbd47fc00a2c39e90264f33305004495a9","hash":"0f9ee58434b68abd90f828099136e2d72b732e81"}
}
