TN:
SF:src/Port.js
FN:6,(anonymous_0)
FN:11,(anonymous_1)
FN:19,(anonymous_2)
FNF:3
FNH:1
FNDA:6,(anonymous_0)
FNDA:0,(anonymous_1)
FNDA:0,(anonymous_2)
DA:2,2
DA:3,2
DA:7,6
DA:14,0
DA:15,0
DA:22,0
DA:23,0
DA:28,2
LF:8
LH:4
BRDA:22,0,0,0
BRDA:22,0,1,0
BRF:2
BRH:0
end_of_record
TN:
SF:src/cruise-ship.js
FN:6,(anonymous_0)
FN:11,(anonymous_1)
FN:19,(anonymous_2)
FNF:3
FNH:3
FNDA:5,(anonymous_0)
FNDA:2,(anonymous_1)
FNDA:1,(anonymous_2)
DA:1,2
DA:2,2
DA:7,5
DA:8,5
DA:14,2
DA:15,2
DA:20,1
DA:24,2
LF:8
LH:8
BRF:0
BRH:0
end_of_record
